<?xml version="1.0" encoding="UTF-8"?>
<!-- Generated by org.testng.reporters.JUnitXMLReporter -->
<testsuite ignored="0" hostname="DESKTOP-MKL1DO7" failures="0" tests="4" name="Default test" time="0.15" errors="0" timestamp="2022-11-11T09:46:57 EST">
  <testcase classname="sample.firsttc" name="aFastTest" time="0.016"/>
  <testcase classname="sample.firsttc" name="aSlowTest" time="0.002"/>
  <testcase classname="sample.secondtc" name="aFastTest" time="0.003"/>
  <testcase classname="sample.secondtc" name="aSlowTest" time="0.002"/>
</testsuite> <!-- Default test -->
